
/home/runner/work/exp-convection-heat-coefficient-iitb/exp-convection-heat-coefficient-iitb/experiment/simulation/common_libraries/js/ts_components/collapse_step.js
   1:10  warning  'show_step' is defined but never used                 no-unused-vars
   2:5   warning  '$' is not defined                                    no-undef
   3:9   warning  '$' is not defined                                    no-undef
   6:10  warning  'hide_step' is defined but never used                 no-unused-vars
   7:5   warning  '$' is not defined                                    no-undef
   8:9   warning  '$' is not defined                                    no-undef
  11:10  warning  'get_collapse_btn_text' is defined but never used     no-unused-vars
  20:10  warning  'get_collapse_btn_element' is defined but never used  no-unused-vars
  29:10  warning  'hide_all_steps' is defined but never used            no-unused-vars
  31:9   warning  '$' is not defined                                    no-undef

/home/runner/work/exp-convection-heat-coefficient-iitb/exp-convection-heat-coefficient-iitb/experiment/simulation/common_libraries/js/ts_components/matrix.js
   27:26  warning  'MathJax' is not defined                                no-undef
   32:7   warning  'Matrix_Without_String' is defined but never used       no-unused-vars
   52:26  warning  'MathJax' is not defined                                no-undef
   56:10  warning  'get_matrix_html' is defined but never used             no-unused-vars
   87:13  warning  'row_html' is assigned a value but never used           no-unused-vars
   99:10  warning  'get_matrix_html_with_title' is defined but never used  no-unused-vars
  131:13  warning  'row_html' is assigned a value but never used           no-unused-vars
  143:10  warning  'convert_2d_to_1d_vector' is defined but never used     no-unused-vars
  156:10  warning  'convert_1d_to_2d_matrix' is defined but never used     no-unused-vars

/home/runner/work/exp-convection-heat-coefficient-iitb/exp-convection-heat-coefficient-iitb/experiment/simulation/common_libraries/js/ts_components/pannel.js
  8:7  warning  'Pannel' is defined but never used  no-unused-vars

/home/runner/work/exp-convection-heat-coefficient-iitb/exp-convection-heat-coefficient-iitb/experiment/simulation/common_libraries/js/ts_components/questions.js
   6:17  warning  'op1' is assigned a value but never used      no-unused-vars
   7:17  warning  'op2' is assigned a value but never used      no-unused-vars
   8:17  warning  'op3' is assigned a value but never used      no-unused-vars
   9:17  warning  'op4' is assigned a value but never used      no-unused-vars
  94:7   warning  'Question_Options' is defined but never used  no-unused-vars

/home/runner/work/exp-convection-heat-coefficient-iitb/exp-convection-heat-coefficient-iitb/experiment/simulation/common_libraries/js/ts_components/tables.js
   19:22  warning  'verify_values' is not defined                                     no-undef
  137:22  warning  'verify_values' is not defined                                     no-undef
  260:7   warning  'Verify_Rows_Cols_6_decimal_places' is defined but never used      no-unused-vars
  311:22  warning  'verify_values' is not defined                                     no-undef
  416:7   warning  'Verify_Rows_Cols_Custom_Fixed_Update1' is defined but never used  no-unused-vars
  468:7   warning  'Show_Table_Custom_Fixed' is defined but never used                no-unused-vars
  506:7   warning  'Verify_Rows_Cols_Strings' is defined but never used               no-unused-vars
  527:22  warning  'verify_values' is not defined                                     no-undef
  663:7   warning  'Display_Table' is defined but never used                          no-unused-vars

/home/runner/work/exp-convection-heat-coefficient-iitb/exp-convection-heat-coefficient-iitb/experiment/simulation/common_libraries/js/ts_math_library/general_math_functions.js
    1:10  warning  'verify_values' is defined but never used                   no-unused-vars
   17:10  warning  'random1' is defined but never used                         no-unused-vars
   21:10  warning  'std_deviation' is defined but never used                   no-unused-vars
   26:10  warning  'gauss' is defined but never used                           no-unused-vars
   56:10  warning  'hide_panel' is defined but never used                      no-unused-vars
   63:10  warning  'inverse_matrix' is defined but never used                  no-unused-vars
   96:10  warning  'matrix_multiplication' is defined but never used           no-unused-vars
  113:10  warning  'transpose_matrix' is defined but never used                no-unused-vars
  123:10  warning  'matrix_multiplication_8decimal' is defined but never used  no-unused-vars
  140:10  warning  'adjoint_2x2_matrix' is defined but never used              no-unused-vars
  145:10  warning  'find_deteminant' is defined but never used                 no-unused-vars
  174:10  warning  'get_Submatrix' is defined but never used                   no-unused-vars

/home/runner/work/exp-convection-heat-coefficient-iitb/exp-convection-heat-coefficient-iitb/experiment/simulation/common_libraries/js/ts_math_library/regression.js
   1:10  warning  'regression_linear' is defined but never used            no-unused-vars
  18:10  warning  'regression_linear_1variable' is defined but never used  no-unused-vars
  27:10  warning  'regression_linear_2variable' is defined but never used  no-unused-vars
  52:11  warning  'gauss' is not defined                                   no-undef

/home/runner/work/exp-convection-heat-coefficient-iitb/exp-convection-heat-coefficient-iitb/experiment/simulation/common_libraries/math.ob.js
  1:745  warning  'b' is already defined  no-redeclare

/home/runner/work/exp-convection-heat-coefficient-iitb/exp-convection-heat-coefficient-iitb/experiment/simulation/js/activity1.js
   19:24   warning  'MathJax' is not defined                        no-undef
   22:10   warning  'start_act1' is defined but never used          no-unused-vars
   27:20   warning  'get_collapse_btn_text' is not defined          no-undef
   32:137  warning  'act1_t1' is not defined                        no-undef
   32:187  warning  'act1_t2' is not defined                        no-undef
   32:241  warning  'act1_l' is not defined                         no-undef
   33:25   warning  'act1_rho' is not defined                       no-undef
   33:61   warning  'act1_k' is not defined                         no-undef
   33:102  warning  'act1_cp' is not defined                        no-undef
   34:24   warning  'act1_pr' is not defined                        no-undef
   34:62   warning  'act1_mu_disp' is not defined                   no-undef
   34:117  warning  'act1_nu_disp' is not defined                   no-undef
   62:44   warning  'act1_ch_l' is not defined                      no-undef
  191:5    warning  'hide_all_steps' is not defined                 no-undef
  192:24   warning  'show_step' is not defined                      no-undef
  193:24   warning  'MathJax' is not defined                        no-undef
  198:14   warning  'act1_t1' is not defined                        no-undef
  199:14   warning  'act1_t2' is not defined                        no-undef
  200:5    warning  'act1_tm' is not defined                        no-undef
  201:5    warning  'act1_beta' is not defined                      no-undef
  201:22   warning  'act1_tm' is not defined                        no-undef
  202:17   warning  'act1_t1' is not defined                        no-undef
  202:27   warning  'act1_t2' is not defined                        no-undef
  203:5    warning  'act1_s_grpr' is not defined                    no-undef
  203:21   warning  'g' is not defined                              no-undef
  203:25   warning  'act1_beta' is not defined                      no-undef
  203:54   warning  'act1_l' is not defined                         no-undef
  203:77   warning  'act1_nu' is not defined                        no-undef
  203:92   warning  'act1_pr' is not defined                        no-undef
  204:9    warning  'act1_s_grpr' is not defined                    no-undef
  204:30   warning  'act1_s_grpr' is not defined                    no-undef
  205:35   warning  'act1_s_grpr' is not defined                    no-undef
  206:9    warning  'act1_h' is not defined                         no-undef
  206:24   warning  'act1_k' is not defined                         no-undef
  206:34   warning  'act1_l' is not defined                         no-undef
  208:14   warning  'act1_s_grpr' is not defined                    no-undef
  208:35   warning  'act1_s_grpr' is not defined                    no-undef
  209:35   warning  'act1_s_grpr' is not defined                    no-undef
  210:9    warning  'act1_h' is not defined                         no-undef
  210:24   warning  'act1_k' is not defined                         no-undef
  210:34   warning  'act1_l' is not defined                         no-undef
  215:5    warning  'a' is not defined                              no-undef
  215:9    warning  'act1_l' is not defined                         no-undef
  215:18   warning  'act1_l' is not defined                         no-undef
  216:5    warning  'act1_qs' is not defined                        no-undef
  216:19   warning  'act1_h' is not defined                         no-undef
  216:28   warning  'a' is not defined                              no-undef
  217:17   warning  'act1_l' is not defined                         no-undef
  218:5    warning  'act1_ch_l' is not defined                      no-undef
  218:17   warning  'a' is not defined                              no-undef
  219:5    warning  'act1_t_grpr' is not defined                    no-undef
  219:21   warning  'g' is not defined                              no-undef
  219:25   warning  'act1_beta' is not defined                      no-undef
  219:54   warning  'act1_ch_l' is not defined                      no-undef
  219:80   warning  'act1_nu' is not defined                        no-undef
  219:95   warning  'act1_pr' is not defined                        no-undef
  220:9    warning  'act1_t_grpr' is not defined                    no-undef
  220:30   warning  'act1_t_grpr' is not defined                    no-undef
  221:35   warning  'act1_t_grpr' is not defined                    no-undef
  222:9    warning  'act1_t_h' is not defined                       no-undef
  222:26   warning  'act1_k' is not defined                         no-undef
  222:36   warning  'act1_ch_l' is not defined                      no-undef
  224:14   warning  'act1_s_grpr' is not defined                    no-undef
  224:35   warning  'act1_s_grpr' is not defined                    no-undef
  225:35   warning  'act1_t_grpr' is not defined                    no-undef
  226:9    warning  'act1_t_h' is not defined                       no-undef
  226:26   warning  'act1_k' is not defined                         no-undef
  226:36   warning  'act1_ch_l' is not defined                      no-undef
  231:5    warning  'act1_qt' is not defined                        no-undef
  231:19   warning  'act1_t_h' is not defined                       no-undef
  231:30   warning  'a' is not defined                              no-undef
  232:5    warning  'act1_q' is not defined                         no-undef
  232:14   warning  'act1_qt' is not defined                        no-undef
  232:24   warning  'act1_qs' is not defined                        no-undef
  233:25   warning  'act1_t1' is not defined                        no-undef
  234:25   warning  'act1_t2' is not defined                        no-undef
  238:25   warning  'act1_tm' is not defined                        no-undef
  239:27   warning  'act1_beta' is not defined                      no-undef
  240:29   warning  'act1_s_grpr' is not defined                    no-undef
  241:24   warning  'a' is not defined                              no-undef
  242:24   warning  'act1_h' is not defined                         no-undef
  243:25   warning  'act1_qs' is not defined                        no-undef
  244:27   warning  'act1_ch_l' is not defined                      no-undef
  245:32   warning  'act1_t_grpr' is not defined                    no-undef
  246:28   warning  'act1_t_h' is not defined                       no-undef
  247:25   warning  'act1_qt' is not defined                        no-undef
  248:30   warning  'act1_q' is not defined                         no-undef
  250:10   warning  'verify_act1_tm' is defined but never used      no-unused-vars
  255:10   warning  'verify_values' is not defined                  no-undef
  255:82   warning  'act1_tm' is not defined                        no-undef
  261:25   warning  'act1_tm' is not defined                        no-undef
  264:10   warning  'verify_act1_beta' is defined but never used    no-unused-vars
  269:10   warning  'verify_values' is not defined                  no-undef
  269:82   warning  'act1_beta' is not defined                      no-undef
  275:25   warning  'act1_beta' is not defined                      no-undef
  278:10   warning  'verify_act1_grpr' is defined but never used    no-unused-vars
  282:10   warning  'verify_values' is not defined                  no-undef
  282:82   warning  'act1_s_grpr' is not defined                    no-undef
  288:25   warning  'act1_s_grpr' is not defined                    no-undef
  289:9    warning  'act1_s_grpr' is not defined                    no-undef
  289:32   warning  'act1_s_grpr' is not defined                    no-undef
  293:14   warning  'act1_s_grpr' is not defined                    no-undef
  293:36   warning  'act1_s_grpr' is not defined                    no-undef
  298:10   warning  'verify_act1_h' is defined but never used       no-unused-vars
  303:10   warning  'verify_values' is not defined                  no-undef
  303:82   warning  'act1_h' is not defined                         no-undef
  309:25   warning  'act1_h' is not defined                         no-undef
  312:10   warning  'verify_act1_h1' is defined but never used      no-unused-vars
  317:10   warning  'verify_values' is not defined                  no-undef
  317:82   warning  'act1_h' is not defined                         no-undef
  323:25   warning  'act1_h' is not defined                         no-undef
  326:10   warning  'verify_act1_qs' is defined but never used      no-unused-vars
  331:10   warning  'verify_values' is not defined                  no-undef
  331:82   warning  'act1_qs' is not defined                        no-undef
  337:25   warning  'act1_qs' is not defined                        no-undef
  340:10   warning  'verify_act1_chl' is defined but never used     no-unused-vars
  345:10   warning  'verify_values' is not defined                  no-undef
  345:82   warning  'act1_ch_l' is not defined                      no-undef
  351:25   warning  'act1_ch_l' is not defined                      no-undef
  354:10   warning  'verify_act1_t_grpr' is defined but never used  no-unused-vars
  358:10   warning  'verify_values' is not defined                  no-undef
  358:82   warning  'act1_t_grpr' is not defined                    no-undef
  364:25   warning  'act1_t_grpr' is not defined                    no-undef
  365:9    warning  'act1_t_grpr' is not defined                    no-undef
  365:31   warning  'act1_t_grpr' is not defined                    no-undef
  369:14   warning  'act1_t_grpr' is not defined                    no-undef
  369:35   warning  'act1_s_grpr' is not defined                    no-undef
  374:10   warning  'verify_act1_t_h' is defined but never used     no-unused-vars
  379:10   warning  'verify_values' is not defined                  no-undef
  379:82   warning  'act1_t_h' is not defined                       no-undef
  385:25   warning  'act1_t_h' is not defined                       no-undef
  388:10   warning  'verify_act1_t_h1' is defined but never used    no-unused-vars
  393:10   warning  'verify_values' is not defined                  no-undef
  393:83   warning  'act1_t_h' is not defined                       no-undef
  399:26   warning  'act1_t_h' is not defined                       no-undef
  402:10   warning  'verify_act1_qt' is defined but never used      no-unused-vars
  407:10   warning  'verify_values' is not defined                  no-undef
  407:83   warning  'act1_qt' is not defined                        no-undef
  413:26   warning  'act1_qt' is not defined                        no-undef
  416:10   warning  'verify_act1_q' is defined but never used       no-unused-vars
  420:10   warning  'verify_values' is not defined                  no-undef
  420:83   warning  'act1_q' is not defined                         no-undef
  426:26   warning  'act1_q' is not defined                         no-undef
  427:5    warning  'activity2' is not defined                      no-undef

/home/runner/work/exp-convection-heat-coefficient-iitb/exp-convection-heat-coefficient-iitb/experiment/simulation/js/activity2.js
    1:10   warning  'activity2' is defined but never used         no-unused-vars
   16:5    warning  'maindiv' is not defined                      no-undef
   17:24   warning  'MathJax' is not defined                      no-undef
   19:10   warning  'start_act2' is defined but never used        no-unused-vars
   24:20   warning  'get_collapse_btn_text' is not defined        no-undef
   29:76   warning  'act2_t1' is not defined                      no-undef
   29:124  warning  'act2_t2' is not defined                      no-undef
   29:203  warning  'act2_l' is not defined                       no-undef
   29:281  warning  'act2_l' is not defined                       no-undef
   32:25   warning  'act2_rho' is not defined                     no-undef
   32:69   warning  'act2_cp' is not defined                      no-undef
   33:22   warning  'act2_k' is not defined                       no-undef
   33:59   warning  'act2_nu_disp' is not defined                 no-undef
   33:114  warning  'act2_pr' is not defined                      no-undef
   99:5    warning  'maindiv' is not defined                      no-undef
  101:24   warning  'show_step' is not defined                    no-undef
  102:24   warning  'MathJax' is not defined                      no-undef
  106:14   warning  'act1_t1' is not defined                      no-undef
  107:14   warning  'act1_t2' is not defined                      no-undef
  108:5    warning  'act2_tm' is not defined                      no-undef
  109:5    warning  'act2_beta' is not defined                    no-undef
  109:22   warning  'act2_tm' is not defined                      no-undef
  110:22   warning  'act2_l' is not defined                       no-undef
  111:5    warning  'act2_gr' is not defined                      no-undef
  111:16   warning  'g' is not defined                            no-undef
  111:20   warning  'act2_beta' is not defined                    no-undef
  111:80   warning  'act2_nu' is not defined                      no-undef
  112:5    warning  'act2_hx' is not defined                      no-undef
  112:23   warning  'act2_k' is not defined                       no-undef
  112:66   warning  'act2_pr' is not defined                      no-undef
  112:80   warning  'act2_gr' is not defined                      no-undef
  112:100  warning  'act2_pr' is not defined                      no-undef
  113:5    warning  'act2_hav' is not defined                     no-undef
  113:26   warning  'act2_hx' is not defined                      no-undef
  114:30   warning  'act2_t1' is not defined                      no-undef
  115:30   warning  'act2_t2' is not defined                      no-undef
  119:30   warning  'act2_tm' is not defined                      no-undef
  120:32   warning  'act2_beta' is not defined                    no-undef
  121:30   warning  'act2_gr' is not defined                      no-undef
  122:30   warning  'act2_hx' is not defined                      no-undef
  123:31   warning  'act2_hav' is not defined                     no-undef
  125:10   warning  'verify_act2_tm' is defined but never used    no-unused-vars
  130:10   warning  'verify_values' is not defined                no-undef
  130:83   warning  'act2_tm' is not defined                      no-undef
  136:26   warning  'act2_tm' is not defined                      no-undef
  139:10   warning  'verify_act2_beta' is defined but never used  no-unused-vars
  144:10   warning  'verify_values' is not defined                no-undef
  144:83   warning  'act2_beta' is not defined                    no-undef
  150:26   warning  'act2_beta' is not defined                    no-undef
  153:10   warning  'verify_act2_gr' is defined but never used    no-unused-vars
  158:10   warning  'verify_values' is not defined                no-undef
  158:83   warning  'act2_gr' is not defined                      no-undef
  164:26   warning  'act2_gr' is not defined                      no-undef
  167:10   warning  'verify_act2_hx' is defined but never used    no-unused-vars
  172:10   warning  'verify_values' is not defined                no-undef
  172:83   warning  'act2_hx' is not defined                      no-undef
  178:26   warning  'act2_hx' is not defined                      no-undef
  181:10   warning  'verify_act2_hav' is defined but never used   no-unused-vars
  185:10   warning  'verify_values' is not defined                no-undef
  185:83   warning  'act2_hav' is not defined                     no-undef
  191:26   warning  'act2_hav' is not defined                     no-undef

/home/runner/work/exp-convection-heat-coefficient-iitb/exp-convection-heat-coefficient-iitb/experiment/simulation/js/data.js
   2:5  warning  'g' is assigned a value but never used             no-unused-vars
   6:5  warning  'act1_a' is assigned a value but never used        no-unused-vars
   9:5  warning  'act1_del_t' is assigned a value but never used    no-unused-vars
  10:5  warning  'act1_rho' is assigned a value but never used      no-unused-vars
  11:5  warning  'act1_nu' is assigned a value but never used       no-unused-vars
  12:5  warning  'act1_nu_disp' is assigned a value but never used  no-unused-vars
  13:5  warning  'act1_mu_disp' is assigned a value but never used  no-unused-vars
  14:5  warning  'act1_mu' is assigned a value but never used       no-unused-vars
  15:5  warning  'act1_k' is assigned a value but never used        no-unused-vars
  16:5  warning  'act1_cp' is assigned a value but never used       no-unused-vars
  17:5  warning  'act1_pr' is assigned a value but never used       no-unused-vars
  18:5  warning  'act1_tm' is assigned a value but never used       no-unused-vars
  19:5  warning  'act1_beta' is assigned a value but never used     no-unused-vars
  20:5  warning  'act1_s_grpr' is assigned a value but never used   no-unused-vars
  21:5  warning  'act1_h' is assigned a value but never used        no-unused-vars
  22:5  warning  'act1_h1' is assigned a value but never used       no-unused-vars
  23:5  warning  'act1_qs' is assigned a value but never used       no-unused-vars
  24:5  warning  'act1_ch_l' is assigned a value but never used     no-unused-vars
  25:5  warning  'act1_t_grpr' is assigned a value but never used   no-unused-vars
  26:5  warning  'act1_t_h' is assigned a value but never used      no-unused-vars
  27:5  warning  'act1_t_h1' is assigned a value but never used     no-unused-vars
  28:5  warning  'act1_qt' is assigned a value but never used       no-unused-vars
  29:5  warning  'act1_q' is assigned a value but never used        no-unused-vars
  30:5  warning  'a' is assigned a value but never used             no-unused-vars
  32:5  warning  'act2_t1' is assigned a value but never used       no-unused-vars
  33:5  warning  'act2_t2' is assigned a value but never used       no-unused-vars
  34:5  warning  'act2_l' is assigned a value but never used        no-unused-vars
  35:5  warning  'act2_rho' is assigned a value but never used      no-unused-vars
  36:5  warning  'act2_cp' is assigned a value but never used       no-unused-vars
  37:5  warning  'act2_pr' is assigned a value but never used       no-unused-vars
  38:5  warning  'act2_k' is assigned a value but never used        no-unused-vars
  39:5  warning  'act2_nu' is assigned a value but never used       no-unused-vars
  40:5  warning  'act2_nu_disp' is assigned a value but never used  no-unused-vars
  41:5  warning  'act2_tm' is assigned a value but never used       no-unused-vars
  42:5  warning  'act2_beta' is assigned a value but never used     no-unused-vars
  43:5  warning  'act2_gr' is assigned a value but never used       no-unused-vars
  44:5  warning  'act2_hx' is assigned a value but never used       no-unused-vars
  45:5  warning  'act2_hav' is assigned a value but never used      no-unused-vars

✖ 294 problems (0 errors, 294 warnings)

